<?xml version="1.0" encoding="UTF-8"?>
<!-- Generated by org.testng.reporters.JUnitXMLReporter -->
<testsuite ignored="0" hostname="Umesh" failures="4" tests="4" name="Test3" time="11.043" errors="0" timestamp="2024-08-27T14:58:01 IST">
  <testcase classname="com.testcases.TestCases" name="TC_01" time="6.091">
    <failure type="org.openqa.selenium.NoSuchWindowException" message="no such window: target window already closed
from unknown error: web view not found
  (Session info: MicrosoftEdge=128.0.2739.42)
Build info: version: &amp;apos;4.23.0&amp;apos;, revision: &amp;apos;4df0a231af&amp;apos;
System info: os.name: &amp;apos;Windows 11&amp;apos;, os.arch: &amp;apos;amd64&amp;apos;, os.version: &amp;apos;10.0&amp;apos;, java.version: &amp;apos;11.0.22&amp;apos;
Driver info: org.openqa.selenium.edge.EdgeDriver
Command: [1352129676facfd98c51ddcbfdda7407, findElement {value=password, using=id}]
Capabilities {acceptInsecureCerts: false, browserName: MicrosoftEdge, browserVersion: 128.0.2739.42, fedcm:accounts: true, ms:edgeOptions: {debuggerAddress: localhost:60148}, msedge: {msedgedriverVersion: 128.0.2739.42 (e015505d79c9..., userDataDir: C:\Users\sonaw\AppData\Loca...}, networkConnectionEnabled: false, pageLoadStrategy: normal, platformName: windows, proxy: Proxy(), se:cdp: ws://localhost:60148/devtoo..., se:cdpVersion: 128.0.2739.42, setWindowRect: true, strictFileInteractability: false, timeouts: {implicit: 0, pageLoad: 300000, script: 30000}, unhandledPromptBehavior: dismiss and notify, webauthn:extension:credBlob: true, webauthn:extension:largeBlob: true, webauthn:extension:minPinLength: true, webauthn:extension:prf: true, webauthn:virtualAuthenticators: true}
Session ID: 1352129676facfd98c51ddcbfdda7407">
      <![CDATA[org.openqa.selenium.NoSuchWindowException: no such window: target window already closed
from unknown error: web view not found
  (Session info: MicrosoftEdge=128.0.2739.42)
Build info: version: '4.23.0', revision: '4df0a231af'
System info: os.name: 'Windows 11', os.arch: 'amd64', os.version: '10.0', java.version: '11.0.22'
Driver info: org.openqa.selenium.edge.EdgeDriver
Command: [1352129676facfd98c51ddcbfdda7407, findElement {value=password, using=id}]
Capabilities {acceptInsecureCerts: false, browserName: MicrosoftEdge, browserVersion: 128.0.2739.42, fedcm:accounts: true, ms:edgeOptions: {debuggerAddress: localhost:60148}, msedge: {msedgedriverVersion: 128.0.2739.42 (e015505d79c9..., userDataDir: C:\Users\sonaw\AppData\Loca...}, networkConnectionEnabled: false, pageLoadStrategy: normal, platformName: windows, proxy: Proxy(), se:cdp: ws://localhost:60148/devtoo..., se:cdpVersion: 128.0.2739.42, setWindowRect: true, strictFileInteractability: false, timeouts: {implicit: 0, pageLoad: 300000, script: 30000}, unhandledPromptBehavior: dismiss and notify, webauthn:extension:credBlob: true, webauthn:extension:largeBlob: true, webauthn:extension:minPinLength: true, webauthn:extension:prf: true, webauthn:virtualAuthenticators: true}
Session ID: 1352129676facfd98c51ddcbfdda7407
at org.openqa.selenium.remote.ErrorCodec.decode(ErrorCodec.java:167)
at org.openqa.selenium.remote.codec.w3c.W3CHttpResponseCodec.decode(W3CHttpResponseCodec.java:138)
at org.openqa.selenium.remote.codec.w3c.W3CHttpResponseCodec.decode(W3CHttpResponseCodec.java:50)
at org.openqa.selenium.remote.HttpCommandExecutor.execute(HttpCommandExecutor.java:190)
at org.openqa.selenium.remote.service.DriverCommandExecutor.invokeExecute(DriverCommandExecutor.java:216)
at org.openqa.selenium.remote.service.DriverCommandExecutor.execute(DriverCommandExecutor.java:174)
at org.openqa.selenium.remote.RemoteWebDriver.execute(RemoteWebDriver.java:527)
at org.openqa.selenium.remote.ElementLocation$ElementFinder$2.findElement(ElementLocation.java:165)
at org.openqa.selenium.remote.ElementLocation.findElement(ElementLocation.java:59)
at org.openqa.selenium.remote.RemoteWebDriver.findElement(RemoteWebDriver.java:357)
at org.openqa.selenium.remote.RemoteWebDriver.findElement(RemoteWebDriver.java:351)
at org.openqa.selenium.support.pagefactory.DefaultElementLocator.findElement(DefaultElementLocator.java:68)
at org.openqa.selenium.support.pagefactory.internal.LocatingElementHandler.invoke(LocatingElementHandler.java:38)
at com.sun.proxy.$Proxy10.sendKeys(Unknown Source)
at five_exception.pages.Login_Page.passward(Login_Page.java:33)
at com.testcases.TestCases.TC_01(TestCases.java:45)
at java.base/java.util.ArrayList.forEach(ArrayList.java:1541)
at java.base/java.util.concurrent.FutureTask.run(FutureTask.java:264)
at java.base/java.util.concurrent.ThreadPoolExecutor.runWorker(ThreadPoolExecutor.java:1128)
at java.base/java.util.concurrent.ThreadPoolExecutor$Worker.run(ThreadPoolExecutor.java:628)
at java.base/java.lang.Thread.run(Thread.java:834)
... Removed 21 stack frames]]>
    </failure>
  </testcase> <!-- TC_01 -->
  <testcase classname="com.testcases.TestCases" name="TC_02" time="0.008">
    <failure type="org.openqa.selenium.NoSuchSessionException" message="Tried to run command without establishing a connection
Build info: version: &amp;apos;4.23.0&amp;apos;, revision: &amp;apos;4df0a231af&amp;apos;
System info: os.name: &amp;apos;Windows 11&amp;apos;, os.arch: &amp;apos;amd64&amp;apos;, os.version: &amp;apos;10.0&amp;apos;, java.version: &amp;apos;11.0.22&amp;apos;
Driver info: org.openqa.selenium.firefox.FirefoxDriver
Command: [ee913b36-bfe9-4621-a850-86fedae02669, findElements {value=//div[@class=&amp;apos;inventory_list&amp;apos;]/div/div[2]/div/a/div, using=xpath}]
Capabilities {acceptInsecureCerts: true, browserName: firefox, browserVersion: 129.0.2, moz:accessibilityChecks: false, moz:buildID: 20240819150008, moz:debuggerAddress: 127.0.0.1:34384, moz:geckodriverVersion: 0.35.0, moz:headless: false, moz:platformVersion: 10.0, moz:processID: 24784, moz:profile: C:\Users\sonaw\AppData\Loca..., moz:shutdownTimeout: 60000, moz:webdriverClick: true, moz:windowless: false, pageLoadStrategy: normal, platformName: windows, proxy: Proxy(), se:cdp: ws://127.0.0.1:34384/devtoo..., se:cdpVersion: 85.0, setWindowRect: true, strictFileInteractability: false, timeouts: {implicit: 0, pageLoad: 300000, script: 30000}, unhandledPromptBehavior: dismiss and notify, userAgent: Mozilla/5.0 (Windows NT 10....}
Session ID: ee913b36-bfe9-4621-a850-86fedae02669">
      <![CDATA[org.openqa.selenium.NoSuchSessionException: Tried to run command without establishing a connection
Build info: version: '4.23.0', revision: '4df0a231af'
System info: os.name: 'Windows 11', os.arch: 'amd64', os.version: '10.0', java.version: '11.0.22'
Driver info: org.openqa.selenium.firefox.FirefoxDriver
Command: [ee913b36-bfe9-4621-a850-86fedae02669, findElements {value=//div[@class='inventory_list']/div/div[2]/div/a/div, using=xpath}]
Capabilities {acceptInsecureCerts: true, browserName: firefox, browserVersion: 129.0.2, moz:accessibilityChecks: false, moz:buildID: 20240819150008, moz:debuggerAddress: 127.0.0.1:34384, moz:geckodriverVersion: 0.35.0, moz:headless: false, moz:platformVersion: 10.0, moz:processID: 24784, moz:profile: C:\Users\sonaw\AppData\Loca..., moz:shutdownTimeout: 60000, moz:webdriverClick: true, moz:windowless: false, pageLoadStrategy: normal, platformName: windows, proxy: Proxy(), se:cdp: ws://127.0.0.1:34384/devtoo..., se:cdpVersion: 85.0, setWindowRect: true, strictFileInteractability: false, timeouts: {implicit: 0, pageLoad: 300000, script: 30000}, unhandledPromptBehavior: dismiss and notify, userAgent: Mozilla/5.0 (Windows NT 10....}
Session ID: ee913b36-bfe9-4621-a850-86fedae02669
at org.openqa.selenium.remote.ErrorCodec.decode(ErrorCodec.java:167)
at org.openqa.selenium.remote.codec.w3c.W3CHttpResponseCodec.decode(W3CHttpResponseCodec.java:138)
at org.openqa.selenium.remote.codec.w3c.W3CHttpResponseCodec.decode(W3CHttpResponseCodec.java:50)
at org.openqa.selenium.remote.HttpCommandExecutor.execute(HttpCommandExecutor.java:190)
at org.openqa.selenium.remote.service.DriverCommandExecutor.invokeExecute(DriverCommandExecutor.java:216)
at org.openqa.selenium.remote.service.DriverCommandExecutor.execute(DriverCommandExecutor.java:174)
at org.openqa.selenium.remote.RemoteWebDriver.execute(RemoteWebDriver.java:527)
at org.openqa.selenium.remote.ElementLocation$ElementFinder$2.findElements(ElementLocation.java:182)
at org.openqa.selenium.remote.ElementLocation.findElements(ElementLocation.java:103)
at org.openqa.selenium.remote.RemoteWebDriver.findElements(RemoteWebDriver.java:370)
at org.openqa.selenium.remote.RemoteWebDriver.findElements(RemoteWebDriver.java:364)
at org.openqa.selenium.support.pagefactory.DefaultElementLocator.findElements(DefaultElementLocator.java:83)
at org.openqa.selenium.support.pagefactory.internal.LocatingElementListHandler.invoke(LocatingElementListHandler.java:36)
at com.sun.proxy.$Proxy11.size(Unknown Source)
at five_exception.pages.Product_Page.selectBag(Product_Page.java:35)
at com.testcases.TestCases.TC_02(TestCases.java:58)
at java.base/java.util.ArrayList.forEach(ArrayList.java:1541)
at java.base/java.util.concurrent.FutureTask.run(FutureTask.java:264)
at java.base/java.util.concurrent.ThreadPoolExecutor.runWorker(ThreadPoolExecutor.java:1128)
at java.base/java.util.concurrent.ThreadPoolExecutor$Worker.run(ThreadPoolExecutor.java:628)
at java.base/java.lang.Thread.run(Thread.java:834)
... Removed 21 stack frames]]>
    </failure>
  </testcase> <!-- TC_02 -->
  <testcase classname="com.testcases.TestCases" name="TC_03" time="0.009">
    <failure type="org.openqa.selenium.NoSuchSessionException" message="Tried to run command without establishing a connection
Build info: version: &amp;apos;4.23.0&amp;apos;, revision: &amp;apos;4df0a231af&amp;apos;
System info: os.name: &amp;apos;Windows 11&amp;apos;, os.arch: &amp;apos;amd64&amp;apos;, os.version: &amp;apos;10.0&amp;apos;, java.version: &amp;apos;11.0.22&amp;apos;
Driver info: org.openqa.selenium.firefox.FirefoxDriver
Command: [ee913b36-bfe9-4621-a850-86fedae02669, findElement {value=checkout, using=id}]
Capabilities {acceptInsecureCerts: true, browserName: firefox, browserVersion: 129.0.2, moz:accessibilityChecks: false, moz:buildID: 20240819150008, moz:debuggerAddress: 127.0.0.1:34384, moz:geckodriverVersion: 0.35.0, moz:headless: false, moz:platformVersion: 10.0, moz:processID: 24784, moz:profile: C:\Users\sonaw\AppData\Loca..., moz:shutdownTimeout: 60000, moz:webdriverClick: true, moz:windowless: false, pageLoadStrategy: normal, platformName: windows, proxy: Proxy(), se:cdp: ws://127.0.0.1:34384/devtoo..., se:cdpVersion: 85.0, setWindowRect: true, strictFileInteractability: false, timeouts: {implicit: 0, pageLoad: 300000, script: 30000}, unhandledPromptBehavior: dismiss and notify, userAgent: Mozilla/5.0 (Windows NT 10....}
Session ID: ee913b36-bfe9-4621-a850-86fedae02669">
      <![CDATA[org.openqa.selenium.NoSuchSessionException: Tried to run command without establishing a connection
Build info: version: '4.23.0', revision: '4df0a231af'
System info: os.name: 'Windows 11', os.arch: 'amd64', os.version: '10.0', java.version: '11.0.22'
Driver info: org.openqa.selenium.firefox.FirefoxDriver
Command: [ee913b36-bfe9-4621-a850-86fedae02669, findElement {value=checkout, using=id}]
Capabilities {acceptInsecureCerts: true, browserName: firefox, browserVersion: 129.0.2, moz:accessibilityChecks: false, moz:buildID: 20240819150008, moz:debuggerAddress: 127.0.0.1:34384, moz:geckodriverVersion: 0.35.0, moz:headless: false, moz:platformVersion: 10.0, moz:processID: 24784, moz:profile: C:\Users\sonaw\AppData\Loca..., moz:shutdownTimeout: 60000, moz:webdriverClick: true, moz:windowless: false, pageLoadStrategy: normal, platformName: windows, proxy: Proxy(), se:cdp: ws://127.0.0.1:34384/devtoo..., se:cdpVersion: 85.0, setWindowRect: true, strictFileInteractability: false, timeouts: {implicit: 0, pageLoad: 300000, script: 30000}, unhandledPromptBehavior: dismiss and notify, userAgent: Mozilla/5.0 (Windows NT 10....}
Session ID: ee913b36-bfe9-4621-a850-86fedae02669
at org.openqa.selenium.remote.ErrorCodec.decode(ErrorCodec.java:167)
at org.openqa.selenium.remote.codec.w3c.W3CHttpResponseCodec.decode(W3CHttpResponseCodec.java:138)
at org.openqa.selenium.remote.codec.w3c.W3CHttpResponseCodec.decode(W3CHttpResponseCodec.java:50)
at org.openqa.selenium.remote.HttpCommandExecutor.execute(HttpCommandExecutor.java:190)
at org.openqa.selenium.remote.service.DriverCommandExecutor.invokeExecute(DriverCommandExecutor.java:216)
at org.openqa.selenium.remote.service.DriverCommandExecutor.execute(DriverCommandExecutor.java:174)
at org.openqa.selenium.remote.RemoteWebDriver.execute(RemoteWebDriver.java:527)
at org.openqa.selenium.remote.ElementLocation$ElementFinder$2.findElement(ElementLocation.java:165)
at org.openqa.selenium.remote.ElementLocation.findElement(ElementLocation.java:59)
at org.openqa.selenium.remote.RemoteWebDriver.findElement(RemoteWebDriver.java:357)
at org.openqa.selenium.remote.RemoteWebDriver.findElement(RemoteWebDriver.java:351)
at org.openqa.selenium.support.pagefactory.DefaultElementLocator.findElement(DefaultElementLocator.java:68)
at org.openqa.selenium.support.pagefactory.internal.LocatingElementHandler.invoke(LocatingElementHandler.java:38)
at com.sun.proxy.$Proxy10.click(Unknown Source)
at five_exception.pages.YourCard.checkOut(YourCard.java:28)
at com.testcases.TestCases.TC_03(TestCases.java:73)
at java.base/java.util.ArrayList.forEach(ArrayList.java:1541)
at java.base/java.util.concurrent.FutureTask.run(FutureTask.java:264)
at java.base/java.util.concurrent.ThreadPoolExecutor.runWorker(ThreadPoolExecutor.java:1128)
at java.base/java.util.concurrent.ThreadPoolExecutor$Worker.run(ThreadPoolExecutor.java:628)
at java.base/java.lang.Thread.run(Thread.java:834)
... Removed 21 stack frames]]>
    </failure>
  </testcase> <!-- TC_03 -->
  <testcase classname="com.testcases.TestCases" name="TC_04" time="0.012">
    <failure type="org.openqa.selenium.NoSuchSessionException" message="Tried to run command without establishing a connection
Build info: version: &amp;apos;4.23.0&amp;apos;, revision: &amp;apos;4df0a231af&amp;apos;
System info: os.name: &amp;apos;Windows 11&amp;apos;, os.arch: &amp;apos;amd64&amp;apos;, os.version: &amp;apos;10.0&amp;apos;, java.version: &amp;apos;11.0.22&amp;apos;
Driver info: org.openqa.selenium.firefox.FirefoxDriver
Command: [ee913b36-bfe9-4621-a850-86fedae02669, findElement {value=react-burger-menu-btn, using=id}]
Capabilities {acceptInsecureCerts: true, browserName: firefox, browserVersion: 129.0.2, moz:accessibilityChecks: false, moz:buildID: 20240819150008, moz:debuggerAddress: 127.0.0.1:34384, moz:geckodriverVersion: 0.35.0, moz:headless: false, moz:platformVersion: 10.0, moz:processID: 24784, moz:profile: C:\Users\sonaw\AppData\Loca..., moz:shutdownTimeout: 60000, moz:webdriverClick: true, moz:windowless: false, pageLoadStrategy: normal, platformName: windows, proxy: Proxy(), se:cdp: ws://127.0.0.1:34384/devtoo..., se:cdpVersion: 85.0, setWindowRect: true, strictFileInteractability: false, timeouts: {implicit: 0, pageLoad: 300000, script: 30000}, unhandledPromptBehavior: dismiss and notify, userAgent: Mozilla/5.0 (Windows NT 10....}
Session ID: ee913b36-bfe9-4621-a850-86fedae02669">
      <![CDATA[org.openqa.selenium.NoSuchSessionException: Tried to run command without establishing a connection
Build info: version: '4.23.0', revision: '4df0a231af'
System info: os.name: 'Windows 11', os.arch: 'amd64', os.version: '10.0', java.version: '11.0.22'
Driver info: org.openqa.selenium.firefox.FirefoxDriver
Command: [ee913b36-bfe9-4621-a850-86fedae02669, findElement {value=react-burger-menu-btn, using=id}]
Capabilities {acceptInsecureCerts: true, browserName: firefox, browserVersion: 129.0.2, moz:accessibilityChecks: false, moz:buildID: 20240819150008, moz:debuggerAddress: 127.0.0.1:34384, moz:geckodriverVersion: 0.35.0, moz:headless: false, moz:platformVersion: 10.0, moz:processID: 24784, moz:profile: C:\Users\sonaw\AppData\Loca..., moz:shutdownTimeout: 60000, moz:webdriverClick: true, moz:windowless: false, pageLoadStrategy: normal, platformName: windows, proxy: Proxy(), se:cdp: ws://127.0.0.1:34384/devtoo..., se:cdpVersion: 85.0, setWindowRect: true, strictFileInteractability: false, timeouts: {implicit: 0, pageLoad: 300000, script: 30000}, unhandledPromptBehavior: dismiss and notify, userAgent: Mozilla/5.0 (Windows NT 10....}
Session ID: ee913b36-bfe9-4621-a850-86fedae02669
at org.openqa.selenium.remote.ErrorCodec.decode(ErrorCodec.java:167)
at org.openqa.selenium.remote.codec.w3c.W3CHttpResponseCodec.decode(W3CHttpResponseCodec.java:138)
at org.openqa.selenium.remote.codec.w3c.W3CHttpResponseCodec.decode(W3CHttpResponseCodec.java:50)
at org.openqa.selenium.remote.HttpCommandExecutor.execute(HttpCommandExecutor.java:190)
at org.openqa.selenium.remote.service.DriverCommandExecutor.invokeExecute(DriverCommandExecutor.java:216)
at org.openqa.selenium.remote.service.DriverCommandExecutor.execute(DriverCommandExecutor.java:174)
at org.openqa.selenium.remote.RemoteWebDriver.execute(RemoteWebDriver.java:527)
at org.openqa.selenium.remote.ElementLocation$ElementFinder$2.findElement(ElementLocation.java:165)
at org.openqa.selenium.remote.ElementLocation.findElement(ElementLocation.java:59)
at org.openqa.selenium.remote.RemoteWebDriver.findElement(RemoteWebDriver.java:357)
at org.openqa.selenium.remote.RemoteWebDriver.findElement(RemoteWebDriver.java:351)
at org.openqa.selenium.support.pagefactory.DefaultElementLocator.findElement(DefaultElementLocator.java:68)
at org.openqa.selenium.support.pagefactory.internal.LocatingElementHandler.invoke(LocatingElementHandler.java:38)
at com.sun.proxy.$Proxy10.click(Unknown Source)
at five_exception.pages.Log_Out_Page.clickOnButton(Log_Out_Page.java:25)
at com.testcases.TestCases.TC_04(TestCases.java:98)
at java.base/java.util.ArrayList.forEach(ArrayList.java:1541)
at java.base/java.util.concurrent.FutureTask.run(FutureTask.java:264)
at java.base/java.util.concurrent.ThreadPoolExecutor.runWorker(ThreadPoolExecutor.java:1128)
at java.base/java.util.concurrent.ThreadPoolExecutor$Worker.run(ThreadPoolExecutor.java:628)
at java.base/java.lang.Thread.run(Thread.java:834)
... Removed 21 stack frames]]>
    </failure>
  </testcase> <!-- TC_04 -->
</testsuite> <!-- Test3 -->
