<?xml version="1.0" encoding="UTF-8"?>
<!-- Generated by org.testng.reporters.JUnitXMLReporter -->
<testsuite ignored="0" hostname="Umesh" failures="0" tests="4" name="Test1" time="10.205" errors="0" timestamp="2024-08-27T14:58:00 IST">
  <testcase classname="com.testcases.TestCases" name="TC_01" time="0.418"/>
  <testcase classname="com.testcases.TestCases" name="TC_02" time="0.772"/>
  <testcase classname="com.testcases.TestCases" name="TC_03" time="0.79"/>
  <testcase classname="com.testcases.TestCases" name="TC_04" time="0.444"/>
</testsuite> <!-- Test1 -->
