<?xml version="1.0" encoding="UTF-8"?>
<testng-results ignored="0" total="3" passed="3" failed="0" skipped="0">
  <reporter-output>
  </reporter-output>
  <suite started-at="2024-09-17T08:59:55 IST" name="Suite" finished-at="2024-09-17T09:00:44 IST" duration-ms="49092">
    <groups>
    </groups>
    <test started-at="2024-09-17T08:59:55 IST" name="Test1" finished-at="2024-09-17T09:00:13 IST" duration-ms="18171">
      <class name="com.testcases.BeforeAfterTest">
        <test-method is-config="true" signature="beforeTest()[pri:0, instance:com.testcases.BeforeAfterTest@52f27fbd]" started-at="2024-09-17T08:59:55 IST" name="beforeTest" finished-at="2024-09-17T08:59:59 IST" duration-ms="4284" status="PASS">
          <reporter-output>
          </reporter-output>
        </test-method> <!-- beforeTest -->
        <test-method is-config="true" signature="afterTest()[pri:0, instance:com.testcases.BeforeAfterTest@52f27fbd]" started-at="2024-09-17T09:00:10 IST" name="afterTest" finished-at="2024-09-17T09:00:13 IST" duration-ms="3206" status="PASS">
          <reporter-output>
          </reporter-output>
        </test-method> <!-- afterTest -->
      </class> <!-- com.testcases.BeforeAfterTest -->
      <class name="com.testcases.ParamaterAnnotaion">
        <test-method is-config="true" signature="startBrower(java.lang.String)[pri:0, instance:com.testcases.ParamaterAnnotaion@5b218417]" started-at="2024-09-17T09:00:00 IST" name="startBrower" finished-at="2024-09-17T09:00:03 IST" duration-ms="3713" status="PASS">
          <params>
            <param index="0">
              <value>
                <![CDATA[FF]]>
              </value>
            </param>
          </params>
          <reporter-output>
          </reporter-output>
        </test-method> <!-- startBrower -->
        <test-method signature="getData()[pri:0, instance:com.testcases.ParamaterAnnotaion@5b218417]" started-at="2024-09-17T09:00:03 IST" name="getData" finished-at="2024-09-17T09:00:08 IST" duration-ms="4563" status="PASS">
          <reporter-output>
          </reporter-output>
        </test-method> <!-- getData -->
        <test-method is-config="true" signature="teardrop()[pri:0, instance:com.testcases.ParamaterAnnotaion@5b218417]" started-at="2024-09-17T09:00:08 IST" name="teardrop" finished-at="2024-09-17T09:00:10 IST" duration-ms="2316" status="PASS">
          <reporter-output>
          </reporter-output>
        </test-method> <!-- teardrop -->
      </class> <!-- com.testcases.ParamaterAnnotaion -->
    </test> <!-- Test1 -->
    <test started-at="2024-09-17T09:00:14 IST" name="Test2" finished-at="2024-09-17T09:00:28 IST" duration-ms="14534">
      <class name="com.testcases.BeforeAfterTest">
        <test-method is-config="true" signature="beforeTest()[pri:0, instance:com.testcases.BeforeAfterTest@6a8658ff]" started-at="2024-09-17T09:00:14 IST" name="beforeTest" finished-at="2024-09-17T09:00:17 IST" duration-ms="3736" status="PASS">
          <reporter-output>
          </reporter-output>
        </test-method> <!-- beforeTest -->
        <test-method is-config="true" signature="afterTest()[pri:0, instance:com.testcases.BeforeAfterTest@6a8658ff]" started-at="2024-09-17T09:00:25 IST" name="afterTest" finished-at="2024-09-17T09:00:28 IST" duration-ms="3210" status="PASS">
          <reporter-output>
          </reporter-output>
        </test-method> <!-- afterTest -->
      </class> <!-- com.testcases.BeforeAfterTest -->
      <class name="com.testcases.ParamaterAnnotaion">
        <test-method is-config="true" signature="startBrower(java.lang.String)[pri:0, instance:com.testcases.ParamaterAnnotaion@3feb2dda]" started-at="2024-09-17T09:00:17 IST" name="startBrower" finished-at="2024-09-17T09:00:19 IST" duration-ms="1654" status="PASS">
          <params>
            <param index="0">
              <value>
                <![CDATA[CH]]>
              </value>
            </param>
          </params>
          <reporter-output>
          </reporter-output>
        </test-method> <!-- startBrower -->
        <test-method signature="getData()[pri:0, instance:com.testcases.ParamaterAnnotaion@3feb2dda]" started-at="2024-09-17T09:00:19 IST" name="getData" finished-at="2024-09-17T09:00:24 IST" duration-ms="5580" status="PASS">
          <reporter-output>
          </reporter-output>
        </test-method> <!-- getData -->
        <test-method is-config="true" signature="teardrop()[pri:0, instance:com.testcases.ParamaterAnnotaion@3feb2dda]" started-at="2024-09-17T09:00:24 IST" name="teardrop" finished-at="2024-09-17T09:00:25 IST" duration-ms="343" status="PASS">
          <reporter-output>
          </reporter-output>
        </test-method> <!-- teardrop -->
      </class> <!-- com.testcases.ParamaterAnnotaion -->
    </test> <!-- Test2 -->
    <test started-at="2024-09-17T09:00:28 IST" name="Test3" finished-at="2024-09-17T09:00:44 IST" duration-ms="16211">
      <class name="com.testcases.BeforeAfterTest">
        <test-method is-config="true" signature="beforeTest()[pri:0, instance:com.testcases.BeforeAfterTest@55de24cc]" started-at="2024-09-17T09:00:28 IST" name="beforeTest" finished-at="2024-09-17T09:00:32 IST" duration-ms="3616" status="PASS">
          <reporter-output>
          </reporter-output>
        </test-method> <!-- beforeTest -->
        <test-method is-config="true" signature="afterTest()[pri:0, instance:com.testcases.BeforeAfterTest@55de24cc]" started-at="2024-09-17T09:00:41 IST" name="afterTest" finished-at="2024-09-17T09:00:44 IST" duration-ms="3251" status="PASS">
          <reporter-output>
          </reporter-output>
        </test-method> <!-- afterTest -->
      </class> <!-- com.testcases.BeforeAfterTest -->
      <class name="com.testcases.ParamaterAnnotaion">
        <test-method is-config="true" signature="startBrower(java.lang.String)[pri:0, instance:com.testcases.ParamaterAnnotaion@333d4a8c]" started-at="2024-09-17T09:00:32 IST" name="startBrower" finished-at="2024-09-17T09:00:35 IST" duration-ms="3477" status="PASS">
          <params>
            <param index="0">
              <value>
                <![CDATA[EDGE]]>
              </value>
            </param>
          </params>
          <reporter-output>
          </reporter-output>
        </test-method> <!-- startBrower -->
        <test-method signature="getData()[pri:0, instance:com.testcases.ParamaterAnnotaion@333d4a8c]" started-at="2024-09-17T09:00:35 IST" name="getData" finished-at="2024-09-17T09:00:41 IST" duration-ms="5380" status="PASS">
          <reporter-output>
          </reporter-output>
        </test-method> <!-- getData -->
        <test-method is-config="true" signature="teardrop()[pri:0, instance:com.testcases.ParamaterAnnotaion@333d4a8c]" started-at="2024-09-17T09:00:41 IST" name="teardrop" finished-at="2024-09-17T09:00:41 IST" duration-ms="477" status="PASS">
          <reporter-output>
          </reporter-output>
        </test-method> <!-- teardrop -->
      </class> <!-- com.testcases.ParamaterAnnotaion -->
    </test> <!-- Test3 -->
  </suite> <!-- Suite -->
</testng-results>
