<?xml version="1.0" encoding="UTF-8"?>
<!-- Generated by org.testng.reporters.JUnitXMLReporter -->
<testsuite ignored="0" hostname="Umesh" failures="0" tests="6" name="sanity" time="9.651" errors="0" timestamp="2024-08-30T08:53:23 IST">
  <testcase classname="com.testcases.DayThreeBeforeAfterMethod" name="validateLogicbuttonText" time="0.13"/>
  <testcase classname="com.testcases.DayThreeBeforeAfterMethod" name="verifyLogicButtonDisplay" time="0.116"/>
  <testcase classname="com.testcases.DayThreeBeforeAfterMethod" name="verifyPageTitle" time="0.025"/>
  <testcase classname="com.testcases.DayTowPriority" name="helloWorld" time="0.004"/>
  <testcase classname="com.testcases.DayTowPriority" name="apple" time="0.002"/>
  <testcase classname="com.testcases.DayTowPriority" name="car" time="0.002"/>
</testsuite> <!-- sanity -->
