<?xml version="1.0" encoding="UTF-8"?>
<!-- Generated by org.testng.reporters.JUnitXMLReporter -->
<testsuite ignored="1" hostname="Umesh" failures="0" tests="5" name="smoke" time="14.303" errors="0" timestamp="2024-08-30T08:53:14 IST">
  <testcase classname="com.testcases.DayFourBeforeClassAnnotationExample" name="verifyLogicButtonDisplay" time="0.146"/>
  <testcase classname="com.testcases.DayFourBeforeClassAnnotationExample" name="verifyPageTitle" time="0.03"/>
  <testcase classname="com.testcases.DayThreeBeforeAfterMethod" name="validateLogicbuttonText" time="0.112"/>
  <testcase classname="com.testcases.DayThreeBeforeAfterMethod" name="verifyLogicButtonDisplay" time="0.123"/>
  <testcase classname="com.testcases.DayThreeBeforeAfterMethod" name="verifyPageTitle" time="0.075"/>
  <testcase classname="com.testcases.DayFourBeforeClassAnnotationExample" name="validateLogicbuttonText" time="0.0">
    <ignored/>
  </testcase> <!-- validateLogicbuttonText -->
</testsuite> <!-- smoke -->
