<?xml version="1.0" encoding="UTF-8"?>
<!-- Generated by org.testng.reporters.JUnitXMLReporter -->
<testsuite ignored="0" hostname="Umesh" failures="1" tests="1" name="Test" time="0.042" errors="0" timestamp="2024-09-10T09:03:47 IST">
  <testcase classname="com.testcases.ParamaterAnnotaion" name="getData" time="0.0">
    <failure type="org.testng.TestNGException" message="
Cannot inject @Test annotated Method [getData] with [class java.lang.String].
For more information on native dependency injection please refer to https://testng.org/#_dependency_injection">
      <![CDATA[org.testng.TestNGException: 
Cannot inject @Test annotated Method [getData] with [class java.lang.String].
For more information on native dependency injection please refer to https://testng.org/#_dependency_injection
at java.base/java.util.ArrayList.forEach(ArrayList.java:1597)
... Removed 26 stack frames]]>
    </failure>
  </testcase> <!-- getData -->
</testsuite> <!-- Test -->
